<?xml version="1.0" encoding="UTF-8"?>
<!-- Generated by org.testng.reporters.JUnitXMLReporter -->
<testsuite hostname="M014.local" ignored="0" name="Home Page Tests" tests="2" failures="0" timestamp="06 Jul 2018 12:45:07 GMT" time="7.84" errors="0">
  <testcase name="loginElementsPresentTest" time="0.186" classname="com.udemy.smoketests.ATagsTest"/>
  <testcase name="loginElementsPresentTest" time="0.077" classname="com.udemy.smoketests.LoginPresentTestNG"/>
</testsuite> <!-- Home Page Tests -->
