<?xml version="1.0" encoding="UTF-8"?>
<testng-results skipped="0" failed="0" ignored="0" total="1" passed="1">
  <reporter-output>
  </reporter-output>
  <suite name="Default suite" duration-ms="48144" started-at="2018-07-11T10:43:03Z" finished-at="2018-07-11T10:43:51Z">
    <groups>
    </groups>
    <test name="Default test" duration-ms="48144" started-at="2018-07-11T10:43:03Z" finished-at="2018-07-11T10:43:51Z">
      <class name="com.udemy.tests.Expedia">
        <test-method status="PASS" signature="setup()[pri:0, instance:com.udemy.tests.Expedia@69b0fd6f]" name="setup" is-config="true" duration-ms="12900" started-at="2018-07-11T10:43:03Z" finished-at="2018-07-11T10:43:16Z">
          <reporter-output>
          </reporter-output>
        </test-method> <!-- setup -->
        <test-method status="PASS" signature="hotelReservation()[pri:0, instance:com.udemy.tests.Expedia@69b0fd6f]" name="hotelReservation" duration-ms="35038" started-at="2018-07-11T10:43:16Z" finished-at="2018-07-11T10:43:51Z">
          <reporter-output>
          </reporter-output>
        </test-method> <!-- hotelReservation -->
        <test-method status="PASS" signature="teardown()[pri:0, instance:com.udemy.tests.Expedia@69b0fd6f]" name="teardown" is-config="true" duration-ms="182" started-at="2018-07-11T10:43:51Z" finished-at="2018-07-11T10:43:51Z">
          <reporter-output>
          </reporter-output>
        </test-method> <!-- teardown -->
      </class> <!-- com.udemy.tests.Expedia -->
    </test> <!-- Default test -->
  </suite> <!-- Default suite -->
</testng-results>
